Determining if the pthread_create exist failed with the following output:
Change Dir: /home/nvidia/yzchen_ws/RM_NUAA_ros/build/CMakeFiles/CMakeTmp

Run Build Command:"/usr/bin/make" "cmTC_2cb31/fast"
/usr/bin/make -f CMakeFiles/cmTC_2cb31.dir/build.make CMakeFiles/cmTC_2cb31.dir/build
make[1]: Entering directory '/home/nvidia/yzchen_ws/RM_NUAA_ros/build/CMakeFiles/CMakeTmp'
Building C object CMakeFiles/cmTC_2cb31.dir/CheckSymbolExists.c.o
/usr/bin/cc     -o CMakeFiles/cmTC_2cb31.dir/CheckSymbolExists.c.o   -c /home/nvidia/yzchen_ws/RM_NUAA_ros/build/CMakeFiles/CMakeTmp/CheckSymbolExists.c
Linking C executable cmTC_2cb31
/usr/bin/cmake -E cmake_link_script CMakeFiles/cmTC_2cb31.dir/link.txt --verbose=1
/usr/bin/cc       CMakeFiles/cmTC_2cb31.dir/CheckSymbolExists.c.o  -o cmTC_2cb31 -rdynamic 
CMakeFiles/cmTC_2cb31.dir/CheckSymbolExists.c.o: In function `main':
CheckSymbolExists.c:(.text+0x14): undefined reference to `pthread_create'
CheckSymbolExists.c:(.text+0x18): undefined reference to `pthread_create'
collect2: error: ld returned 1 exit status
CMakeFiles/cmTC_2cb31.dir/build.make:97: recipe for target 'cmTC_2cb31' failed
make[1]: *** [cmTC_2cb31] Error 1
make[1]: Leaving directory '/home/nvidia/yzchen_ws/RM_NUAA_ros/build/CMakeFiles/CMakeTmp'
Makefile:126: recipe for target 'cmTC_2cb31/fast' failed
make: *** [cmTC_2cb31/fast] Error 2

File /home/nvidia/yzchen_ws/RM_NUAA_ros/build/CMakeFiles/CMakeTmp/CheckSymbolExists.c:
/* */
#include <pthread.h>

int main(int argc, char** argv)
{
  (void)argv;
#ifndef pthread_create
  return ((int*)(&pthread_create))[argc];
#else
  (void)argc;
  return 0;
#endif
}

Determining if the function pthread_create exists in the pthreads failed with the following output:
Change Dir: /home/nvidia/yzchen_ws/RM_NUAA_ros/build/CMakeFiles/CMakeTmp

Run Build Command:"/usr/bin/make" "cmTC_793fc/fast"
/usr/bin/make -f CMakeFiles/cmTC_793fc.dir/build.make CMakeFiles/cmTC_793fc.dir/build
make[1]: Entering directory '/home/nvidia/yzchen_ws/RM_NUAA_ros/build/CMakeFiles/CMakeTmp'
Building C object CMakeFiles/cmTC_793fc.dir/CheckFunctionExists.c.o
/usr/bin/cc    -DCHECK_FUNCTION_EXISTS=pthread_create   -o CMakeFiles/cmTC_793fc.dir/CheckFunctionExists.c.o   -c /usr/share/cmake-3.5/Modules/CheckFunctionExists.c
Linking C executable cmTC_793fc
/usr/bin/cmake -E cmake_link_script CMakeFiles/cmTC_793fc.dir/link.txt --verbose=1
/usr/bin/cc   -DCHECK_FUNCTION_EXISTS=pthread_create    CMakeFiles/cmTC_793fc.dir/CheckFunctionExists.c.o  -o cmTC_793fc -rdynamic -lpthreads 
/usr/bin/ld: cannot find -lpthreads
collect2: error: ld returned 1 exit status
CMakeFiles/cmTC_793fc.dir/build.make:97: recipe for target 'cmTC_793fc' failed
make[1]: *** [cmTC_793fc] Error 1
make[1]: Leaving directory '/home/nvidia/yzchen_ws/RM_NUAA_ros/build/CMakeFiles/CMakeTmp'
Makefile:126: recipe for target 'cmTC_793fc/fast' failed
make: *** [cmTC_793fc/fast] Error 2


